$ next build
info  - Linting and checking validity of types...
error - ESLint: Failed to load parser '@typescript-eslint/parser' declared in '../../.eslintrc.json » plugin:@typescript-eslint/recommended » ./configs/base': Cannot find module '@typescript-eslint/parser' Require stack: - /home/shouta/Work/kaze-ui/node_modules/@typescript-eslint/eslint-plugin/dist/configs/base.js
info  - Creating an optimized production build...
Failed to compile.

../../packages/dialog/src/Dialog.tsx
ModuleParseError: Module parse failed: Unexpected token (14:5)
File was processed with these loaders:
 * ../../node_modules/@kaze-style/webpack-plugin/dist/cjs/loader.js
 * ../../node_modules/@kaze-style/webpack-plugin/dist/cjs/preLoader.js
You may need an additional loader to handle the result of these loaders.
|   }
| }, __forBuildByKazeStyle, "/home/shouta/Work/kaze-ui/packages/dialog/src/Dialog.tsx", 0);
> type Props = {
|   open: boolean;
| };
    at handleParseError (/home/shouta/Work/kaze-ui/node_modules/next/dist/compiled/webpack/bundle5.js:28:398016)
    at /home/shouta/Work/kaze-ui/node_modules/next/dist/compiled/webpack/bundle5.js:28:399763
    at processResult (/home/shouta/Work/kaze-ui/node_modules/next/dist/compiled/webpack/bundle5.js:28:395458)
    at /home/shouta/Work/kaze-ui/node_modules/next/dist/compiled/webpack/bundle5.js:28:396519
    at /home/shouta/Work/kaze-ui/node_modules/next/dist/compiled/webpack/bundle5.js:1:271425
    at iterateNormalLoaders (/home/shouta/Work/kaze-ui/node_modules/next/dist/compiled/webpack/bundle5.js:1:268232)
    at iterateNormalLoaders (/home/shouta/Work/kaze-ui/node_modules/next/dist/compiled/webpack/bundle5.js:1:268317)
    at /home/shouta/Work/kaze-ui/node_modules/next/dist/compiled/webpack/bundle5.js:1:268546
    at E.callback (/home/shouta/Work/kaze-ui/node_modules/next/dist/compiled/webpack/bundle5.js:1:266744)
    at Object.T (/home/shouta/Work/kaze-ui/node_modules/@kaze-style/webpack-plugin/dist/cjs/loader.js:1:941)

Import trace for requested module:
../../packages/dialog/src/Dialog.tsx
../../packages/dialog/src/index.ts


> Build failed because of webpack errors
error Command failed with exit code 1.
info Visit https://yarnpkg.com/en/docs/cli/run for documentation about this command.
